<?xml version="1.0" encoding="UTF-8"?>
<testng-results skipped="1" failed="1" ignored="3" total="12" passed="7">
  <reporter-output>
  </reporter-output>
  <suite name="TTech Regression" duration-ms="2300" started-at="2021-11-04T19:52:39 EDT" finished-at="2021-11-04T19:52:41 EDT">
    <groups>
    </groups>
    <test name="TalentTech API Test" duration-ms="2300" started-at="2021-11-04T19:52:39 EDT" finished-at="2021-11-04T19:52:41 EDT">
      <class name="TalentTek.TTechGetAllStudents">
        <test-method status="PASS" signature="allStudentsInfo()[pri:0, instance:TalentTek.TTechGetAllStudents@776b83cc]" name="allStudentsInfo" duration-ms="78" started-at="2021-11-04T19:52:41 EDT" finished-at="2021-11-04T19:52:41 EDT">
          <reporter-output>
          </reporter-output>
        </test-method> <!-- allStudentsInfo -->
      </class> <!-- TalentTek.TTechGetAllStudents -->
      <class name="TalentTek.TTechPatchGetTest">
        <test-method status="PASS" signature="patchTTechTest()[pri:0, instance:TalentTek.TTechPatchGetTest@152aa092]" name="patchTTechTest" duration-ms="150" started-at="2021-11-04T19:52:41 EDT" finished-at="2021-11-04T19:52:41 EDT">
          <reporter-output>
          </reporter-output>
        </test-method> <!-- patchTTechTest -->
        <test-method status="PASS" signature="studentLoginWithUpdatedPassword()[pri:0, instance:TalentTek.TTechPatchGetTest@152aa092]" name="studentLoginWithUpdatedPassword" duration-ms="118" started-at="2021-11-04T19:52:41 EDT" depends-on-methods="TalentTek.TTechPatchGetTest.patchTTechTest" finished-at="2021-11-04T19:52:41 EDT">
          <reporter-output>
          </reporter-output>
        </test-method> <!-- studentLoginWithUpdatedPassword -->
      </class> <!-- TalentTek.TTechPatchGetTest -->
      <class name="TalentTek.TTechPutPatchTest">
        <test-method status="PASS" signature="studentLogin()[pri:0, instance:TalentTek.TTechPutPatchTest@524d6d96]" name="studentLogin" duration-ms="109" started-at="2021-11-04T19:52:40 EDT" finished-at="2021-11-04T19:52:40 EDT">
          <reporter-output>
          </reporter-output>
        </test-method> <!-- studentLogin -->
        <test-method status="PASS" signature="studentPutTTech()[pri:0, instance:TalentTek.TTechPutPatchTest@524d6d96]" name="studentPutTTech" duration-ms="71" started-at="2021-11-04T19:52:40 EDT" depends-on-methods="TalentTek.TTechPutPatchTest.studentLogin" finished-at="2021-11-04T19:52:41 EDT">
          <reporter-output>
          </reporter-output>
        </test-method> <!-- studentPutTTech -->
      </class> <!-- TalentTek.TTechPutPatchTest -->
      <class name="TalentTek.TTechDeleteGetTest">
        <test-method status="FAIL" signature="studentDeleteTest()[pri:0, instance:TalentTek.TTechDeleteGetTest@4ef37659]" name="studentDeleteTest" duration-ms="68" started-at="2021-11-04T19:52:41 EDT" finished-at="2021-11-04T19:52:41 EDT">
          <exception class="java.lang.AssertionError">
            <message>
              <![CDATA[expected [Data Deleted1] but found [Data Deleted]]]>
            </message>
            <full-stacktrace>
              <![CDATA[java.lang.AssertionError: expected [Data Deleted1] but found [Data Deleted]
at org.testng.Assert.fail(Assert.java:99)
at org.testng.Assert.failNotEquals(Assert.java:1037)
at org.testng.Assert.assertEqualsImpl(Assert.java:140)
at org.testng.Assert.assertEquals(Assert.java:122)
at org.testng.Assert.assertEquals(Assert.java:629)
at org.testng.Assert.assertEquals(Assert.java:639)
at TalentTek.TTechDeleteGetTest.studentDeleteTest(TTechDeleteGetTest.java:26)
at sun.reflect.NativeMethodAccessorImpl.invoke0(Native Method)
at sun.reflect.NativeMethodAccessorImpl.invoke(NativeMethodAccessorImpl.java:62)
at sun.reflect.DelegatingMethodAccessorImpl.invoke(DelegatingMethodAccessorImpl.java:43)
at java.lang.reflect.Method.invoke(Method.java:498)
at org.testng.internal.MethodInvocationHelper.invokeMethod(MethodInvocationHelper.java:133)
at org.testng.internal.TestInvoker.invokeMethod(TestInvoker.java:598)
at org.testng.internal.TestInvoker.invokeTestMethod(TestInvoker.java:173)
at org.testng.internal.MethodRunner.runInSequence(MethodRunner.java:46)
at org.testng.internal.TestInvoker$MethodInvocationAgent.invoke(TestInvoker.java:824)
at org.testng.internal.TestInvoker.invokeTestMethods(TestInvoker.java:146)
at org.testng.internal.TestMethodWorker.invokeTestMethods(TestMethodWorker.java:146)
at org.testng.internal.TestMethodWorker.run(TestMethodWorker.java:128)
at java.util.ArrayList.forEach(ArrayList.java:1259)
at org.testng.TestRunner.privateRun(TestRunner.java:794)
at org.testng.TestRunner.run(TestRunner.java:596)
at org.testng.SuiteRunner.runTest(SuiteRunner.java:377)
at org.testng.SuiteRunner.runSequentially(SuiteRunner.java:371)
at org.testng.SuiteRunner.privateRun(SuiteRunner.java:332)
at org.testng.SuiteRunner.run(SuiteRunner.java:276)
at org.testng.SuiteRunnerWorker.runSuite(SuiteRunnerWorker.java:53)
at org.testng.SuiteRunnerWorker.run(SuiteRunnerWorker.java:96)
at org.testng.TestNG.runSuitesSequentially(TestNG.java:1212)
at org.testng.TestNG.runSuitesLocally(TestNG.java:1134)
at org.testng.TestNG.runSuites(TestNG.java:1063)
at org.testng.TestNG.run(TestNG.java:1031)
at org.apache.maven.surefire.testng.TestNGExecutor.run(TestNGExecutor.java:283)
at org.apache.maven.surefire.testng.TestNGXmlTestSuite.execute(TestNGXmlTestSuite.java:75)
at org.apache.maven.surefire.testng.TestNGProvider.invoke(TestNGProvider.java:120)
at org.apache.maven.surefire.booter.ForkedBooter.runSuitesInProcess(ForkedBooter.java:377)
at org.apache.maven.surefire.booter.ForkedBooter.execute(ForkedBooter.java:138)
at org.apache.maven.surefire.booter.ForkedBooter.run(ForkedBooter.java:465)
at org.apache.maven.surefire.booter.ForkedBooter.main(ForkedBooter.java:451)
]]>
            </full-stacktrace>
          </exception> <!-- java.lang.AssertionError -->
          <reporter-output>
          </reporter-output>
        </test-method> <!-- studentDeleteTest -->
        <test-method status="SKIP" signature="studentDeleteVerify()[pri:0, instance:TalentTek.TTechDeleteGetTest@4ef37659]" name="studentDeleteVerify" duration-ms="0" started-at="2021-11-04T19:52:41 EDT" depends-on-methods="TalentTek.TTechDeleteGetTest.studentDeleteTest" finished-at="2021-11-04T19:52:41 EDT">
          <exception class="java.lang.Throwable">
            <message>
              <![CDATA[Method TTechDeleteGetTest.studentDeleteVerify()[pri:0, instance:TalentTek.TTechDeleteGetTest@4ef37659] depends on not successfully finished methods]]>
            </message>
            <full-stacktrace>
              <![CDATA[java.lang.Throwable: Method TTechDeleteGetTest.studentDeleteVerify()[pri:0, instance:TalentTek.TTechDeleteGetTest@4ef37659] depends on not successfully finished methods
at org.testng.internal.TestInvoker.invokeTestMethods(TestInvoker.java:102)
at org.testng.internal.TestMethodWorker.invokeTestMethods(TestMethodWorker.java:146)
at org.testng.internal.TestMethodWorker.run(TestMethodWorker.java:128)
at java.util.ArrayList.forEach(ArrayList.java:1259)
at org.testng.TestRunner.privateRun(TestRunner.java:794)
at org.testng.TestRunner.run(TestRunner.java:596)
at org.testng.SuiteRunner.runTest(SuiteRunner.java:377)
at org.testng.SuiteRunner.runSequentially(SuiteRunner.java:371)
at org.testng.SuiteRunner.privateRun(SuiteRunner.java:332)
at org.testng.SuiteRunner.run(SuiteRunner.java:276)
at org.testng.SuiteRunnerWorker.runSuite(SuiteRunnerWorker.java:53)
at org.testng.SuiteRunnerWorker.run(SuiteRunnerWorker.java:96)
at org.testng.TestNG.runSuitesSequentially(TestNG.java:1212)
at org.testng.TestNG.runSuitesLocally(TestNG.java:1134)
at org.testng.TestNG.runSuites(TestNG.java:1063)
at org.testng.TestNG.run(TestNG.java:1031)
at org.apache.maven.surefire.testng.TestNGExecutor.run(TestNGExecutor.java:283)
at org.apache.maven.surefire.testng.TestNGXmlTestSuite.execute(TestNGXmlTestSuite.java:75)
at org.apache.maven.surefire.testng.TestNGProvider.invoke(TestNGProvider.java:120)
at org.apache.maven.surefire.booter.ForkedBooter.runSuitesInProcess(ForkedBooter.java:377)
at org.apache.maven.surefire.booter.ForkedBooter.execute(ForkedBooter.java:138)
at org.apache.maven.surefire.booter.ForkedBooter.run(ForkedBooter.java:465)
at org.apache.maven.surefire.booter.ForkedBooter.main(ForkedBooter.java:451)
]]>
            </full-stacktrace>
          </exception> <!-- java.lang.Throwable -->
          <reporter-output>
          </reporter-output>
        </test-method> <!-- studentDeleteVerify -->
      </class> <!-- TalentTek.TTechDeleteGetTest -->
      <class name="TalentTek.TTechPostGetTest">
        <test-method status="PASS" signature="setCache()[pri:0, instance:TalentTek.TTechPostGetTest@6c779568]" name="setCache" is-config="true" duration-ms="5" started-at="2021-11-04T19:52:39 EDT" finished-at="2021-11-04T19:52:39 EDT">
          <reporter-output>
          </reporter-output>
        </test-method> <!-- setCache -->
        <test-method status="PASS" signature="signUpTTech()[pri:0, instance:TalentTek.TTechPostGetTest@6c779568]" name="signUpTTech" duration-ms="1600" started-at="2021-11-04T19:52:39 EDT" finished-at="2021-11-04T19:52:40 EDT">
          <reporter-output>
          </reporter-output>
        </test-method> <!-- signUpTTech -->
        <test-method status="PASS" signature="getStudentInfo()[pri:0, instance:TalentTek.TTechPostGetTest@6c779568]" name="getStudentInfo" duration-ms="80" started-at="2021-11-04T19:52:40 EDT" depends-on-methods="TalentTek.TTechPostGetTest.signUpTTech" finished-at="2021-11-04T19:52:40 EDT">
          <reporter-output>
          </reporter-output>
        </test-method> <!-- getStudentInfo -->
      </class> <!-- TalentTek.TTechPostGetTest -->
    </test> <!-- TalentTech API Test -->
  </suite> <!-- TTech Regression -->
</testng-results>
